<model>
      <instance xmlns="http://www.w3.org/2002/xforms" id="openmrs_model_instance">
            <form xmlns="" xmlns:openmrs="/moduleServlet/formentry/forms/schema/22-1" xmlns:xd="http://schemas.microsoft.com/office/infopath/2003" xmlns:xs="http://www.w3.org/2001/XMLSchema" xmlns:xsi="http://www.w3.org/2001/XMLSchema-instance" id="22" name="1 Basic Form" version="0.1" uuid="464806c1-9d3a-4bd0-979f-a70b1aac217a">
                <problem_list openmrs_concept="1284^PROBLEM LIST^99DCT" openmrs_datatype="ZZ">
                    <problem_added openmrs_concept="6042^PROBLEM ADDED^99DCT" openmrs_datatype="CWE" template="0">
                        <date xsi:nil="true"/>
                        <time xsi:nil="true"/>
                        <value xsi:nil="true"/>
                    </problem_added>
                    <problem_resolved openmrs_concept="6097^PROBLEM RESOLVED^99DCT" openmrs_datatype="CWE" template="0">
                        <date xsi:nil="true"/>
                        <time xsi:nil="true"/>
                        <value xsi:nil="true"/>
                    </problem_resolved>
                </problem_list>
                <other/>
            </form>
        </instance>
   </model>